<?xml version="1.0" encoding="UTF-8"?>
<!-- Generated by org.testng.reporters.JUnitReportReporter -->
<testsuite hostname="DESKTOP-O170FMQ" failures="0" tests="1" name="com.mavensouj.WC_UI_EndToEnd_Purchase_Domain" time="22.389" errors="0" timestamp="2024-12-10T23:41:44 AEDT" skipped="0">
  <testcase classname="com.mavensouj.WC_UI_EndToEnd_Purchase_Domain" name="domainshover" time="22.389"/>
</testsuite> <!-- com.mavensouj.WC_UI_EndToEnd_Purchase_Domain -->
