<?xml version="1.0" encoding="UTF-8"?>
<!-- Generated by org.testng.reporters.JUnitReportReporter -->
<testsuite hostname="DESKTOP-O170FMQ" failures="0" tests="1" name="com.mavensouj.endtoend_Webhosting_ExistingDomain" time="32.683" errors="0" timestamp="2024-12-09T13:16:09 AEDT" skipped="0">
  <testcase classname="com.mavensouj.endtoend_Webhosting_ExistingDomain" name="MenuHoveringHosting" time="32.683"/>
</testsuite> <!-- com.mavensouj.endtoend_Webhosting_ExistingDomain -->
