<?xml version="1.0" encoding="UTF-8"?>
<!-- Generated by org.testng.reporters.JUnitReportReporter -->
<testsuite hostname="DESKTOP-O170FMQ" failures="0" tests="1" name="com.mavensouj.facebooksignuppage" time="13.685" errors="0" timestamp="2024-11-29T21:57:22 AEDT" skipped="0">
  <testcase classname="com.mavensouj.facebooksignuppage" name="creatLoginacct" time="13.685"/>
</testsuite> <!-- com.mavensouj.facebooksignuppage -->
