<?xml version="1.0" encoding="UTF-8"?>
<!-- Generated by org.testng.reporters.JUnitReportReporter -->
<testsuite hostname="DESKTOP-O170FMQ" failures="0" tests="1" name="com.mavensouj.WC_UI_EndToEnd_domains_purchase" time="13.788" errors="0" timestamp="2024-12-10T11:18:27 AEDT" skipped="0">
  <testcase classname="com.mavensouj.WC_UI_EndToEnd_domains_purchase" name="domainshover" time="13.788"/>
</testsuite> <!-- com.mavensouj.WC_UI_EndToEnd_domains_purchase -->
