<?xml version="1.0" encoding="UTF-8"?>
<!-- Generated by org.testng.reporters.JUnitReportReporter -->
<testsuite hostname="DESKTOP-O170FMQ" failures="0" tests="1" name="com.mavensouj.WC_UI_EndToEnd_Purchase_Domain" time="10.458" errors="0" timestamp="2024-12-14T13:31:10 AEDT" skipped="0">
  <testcase classname="com.mavensouj.WC_UI_EndToEnd_Purchase_Domain" name="domainshover" time="10.458"/>
</testsuite> <!-- com.mavensouj.WC_UI_EndToEnd_Purchase_Domain -->
