<?xml version="1.0" encoding="UTF-8"?>
<!-- Generated by org.testng.reporters.JUnitReportReporter -->
<testsuite hostname="DESKTOP-O170FMQ" failures="0" tests="1" name="com.mavensouj.endtoend_Webhosting" time="24.487" errors="0" timestamp="2024-12-08T12:16:25 AEDT" skipped="0">
  <testcase classname="com.mavensouj.endtoend_Webhosting" name="MenuHoveringHosting" time="24.487"/>
</testsuite> <!-- com.mavensouj.endtoend_Webhosting -->
