<?xml version="1.0" encoding="UTF-8"?>
<!-- Generated by org.testng.reporters.JUnitReportReporter -->
<testsuite hostname="DESKTOP-O170FMQ" failures="0" tests="1" name="com.mavensouj.endtoend_domains_purchase" time="10.333" errors="0" timestamp="2024-12-09T22:51:05 AEDT" skipped="0">
  <testcase classname="com.mavensouj.endtoend_domains_purchase" name="domainshover" time="10.333"/>
</testsuite> <!-- com.mavensouj.endtoend_domains_purchase -->
