<?xml version="1.0" encoding="UTF-8"?>
<!-- Generated by org.testng.reporters.JUnitReportReporter -->
<testsuite hostname="DESKTOP-O170FMQ" failures="0" tests="1" name="com.mavensouj.mouseoverassignmentdragdrop" time="7.737" errors="0" timestamp="2024-12-04T12:44:37 AEDT" skipped="0">
  <testcase classname="com.mavensouj.mouseoverassignmentdragdrop" name="doubleclick" time="7.737"/>
</testsuite> <!-- com.mavensouj.mouseoverassignmentdragdrop -->
