<?xml version="1.0" encoding="UTF-8"?>
<!-- Generated by org.testng.reporters.JUnitReportReporter -->
<testsuite hostname="DESKTOP-O170FMQ" failures="0" tests="1" name="com.mavensouj.demoguru" time="13.356" errors="0" timestamp="2024-11-29T10:37:24 AEDT" skipped="0">
  <testcase classname="com.mavensouj.demoguru" name="creatLoginacct" time="13.356"/>
</testsuite> <!-- com.mavensouj.demoguru -->
