<?xml version="1.0" encoding="UTF-8"?>
<!-- Generated by org.testng.reporters.JUnitReportReporter -->
<testsuite hostname="DESKTOP-O170FMQ" failures="0" tests="1" name="com.mavensouj.WC_Login_CreateAcct_ForgotPwd_UI" time="31.646" errors="0" timestamp="2024-12-11T12:19:57 AEDT" skipped="0">
  <testcase classname="com.mavensouj.WC_Login_CreateAcct_ForgotPwd_UI" name="Createacct" time="31.646"/>
</testsuite> <!-- com.mavensouj.WC_Login_CreateAcct_ForgotPwd_UI -->
