<?xml version="1.0" encoding="UTF-8"?>
<!-- Generated by org.testng.reporters.JUnitReportReporter -->
<testsuite hostname="DESKTOP-O170FMQ" failures="0" tests="1" name="com.mavensouj.facebooklogin" time="9.288" errors="0" timestamp="2024-11-29T18:12:08 AEDT" skipped="0">
  <testcase classname="com.mavensouj.facebooklogin" name="creatLoginacct" time="9.288"/>
</testsuite> <!-- com.mavensouj.facebooklogin -->
