<?xml version="1.0" encoding="UTF-8"?>
<!-- Generated by org.testng.reporters.JUnitReportReporter -->
<testsuite hostname="DESKTOP-O170FMQ" failures="0" tests="8" name="com.mavensouj.WC_Check_ALL_Menu_Links" time="233.033" errors="0" timestamp="2024-12-10T11:12:06 AEDT" skipped="0">
  <testcase classname="com.mavensouj.WC_Check_ALL_Menu_Links" name="servers" time="37.752"/>
  <testcase classname="com.mavensouj.WC_Check_ALL_Menu_Links" name="About" time="24.362"/>
  <testcase classname="com.mavensouj.WC_Check_ALL_Menu_Links" name="MenuHoveringHosting" time="32.846"/>
  <testcase classname="com.mavensouj.WC_Check_ALL_Menu_Links" name="MenuHoveringDomains" time="29.147"/>
  <testcase classname="com.mavensouj.WC_Check_ALL_Menu_Links" name="MenuHoveringOfficeEmail" time="30.828"/>
  <testcase classname="com.mavensouj.WC_Check_ALL_Menu_Links" name="chatwebcentral" time="40.844"/>
  <testcase classname="com.mavensouj.WC_Check_ALL_Menu_Links" name="openbrowser" time="12.329"/>
  <testcase classname="com.mavensouj.WC_Check_ALL_Menu_Links" name="websitesovering" time="24.925"/>
</testsuite> <!-- com.mavensouj.WC_Check_ALL_Menu_Links -->
